<?xml version="1.0" encoding="UTF-8"?>
<robot generator="Robot 6.1 (Python 3.8.7 on win32)" generated="20230720 20:07:18.901" rpa="false" schemaversion="4">
<suite id="s1" name="nokiaWiki" source="C:\Users\Lajop\PycharmProjects\NokiaTest\firstTask\nokiaWiki.robot">
<test id="s1-t1" name="Test Nokia Wiki" line="14">
<kw name="Open Browser And Go To Google">
<kw name="Create Webdriver" library="SeleniumLibrary">
<arg>${BROWSER}</arg>
<doc>Creates an instance of Selenium WebDriver.</doc>
<msg timestamp="20230720 20:07:19.080" level="INFO">Creating an instance of the Firefox WebDriver.</msg>
<status status="PASS" starttime="20230720 20:07:19.080" endtime="20230720 20:07:24.754"/>
</kw>
<kw name="Set Selenium Speed" library="SeleniumLibrary">
<arg>0.5</arg>
<doc>Sets the delay that is waited after each Selenium command.</doc>
<status status="PASS" starttime="20230720 20:07:24.754" endtime="20230720 20:07:24.754"/>
</kw>
<kw name="Maximize Browser Window" library="SeleniumLibrary">
<doc>Maximizes current browser window.</doc>
<status status="PASS" starttime="20230720 20:07:24.754" endtime="20230720 20:07:25.511"/>
</kw>
<kw name="Go To" library="SeleniumLibrary">
<arg>https://www.google.com/</arg>
<doc>Navigates the current browser window to the provided ``url``.</doc>
<msg timestamp="20230720 20:07:25.512" level="INFO">Opening url 'https://www.google.com/'</msg>
<status status="PASS" starttime="20230720 20:07:25.511" endtime="20230720 20:07:26.481"/>
</kw>
<status status="PASS" starttime="20230720 20:07:19.080" endtime="20230720 20:07:26.481"/>
</kw>
<kw name="Handle Google Cookies">
<kw name="Run Keyword And Return Status" library="BuiltIn">
<var>${cookie_window_present}</var>
<arg>Page Should Contain Element</arg>
<arg>id=W0wltc</arg>
<doc>Runs the given keyword with given arguments and returns the status as a Boolean value.</doc>
<kw name="Page Should Contain Element" library="SeleniumLibrary">
<arg>id=W0wltc</arg>
<doc>Verifies that element ``locator`` is found on the current page.</doc>
<msg timestamp="20230720 20:07:27.026" level="INFO">Current page contains element 'id=W0wltc'.</msg>
<status status="PASS" starttime="20230720 20:07:26.484" endtime="20230720 20:07:27.026"/>
</kw>
<msg timestamp="20230720 20:07:27.026" level="INFO">${cookie_window_present} = True</msg>
<status status="PASS" starttime="20230720 20:07:26.483" endtime="20230720 20:07:27.026"/>
</kw>
<kw name="Run Keyword If" library="BuiltIn">
<arg>${cookie_window_present}</arg>
<arg>Click Element</arg>
<arg>id=W0wltc</arg>
<doc>Runs the given keyword with the given arguments, if ``condition`` is true.</doc>
<kw name="Click Element" library="SeleniumLibrary">
<arg>id=W0wltc</arg>
<doc>Click the element identified by ``locator``.</doc>
<msg timestamp="20230720 20:07:27.028" level="INFO">Clicking element 'id=W0wltc'.</msg>
<status status="PASS" starttime="20230720 20:07:27.027" endtime="20230720 20:07:28.282"/>
</kw>
<status status="PASS" starttime="20230720 20:07:27.026" endtime="20230720 20:07:28.282"/>
</kw>
<status status="PASS" starttime="20230720 20:07:26.482" endtime="20230720 20:07:28.282"/>
</kw>
<kw name="Search For A Term In Google">
<kw name="Input Text" library="SeleniumLibrary">
<arg>name=q</arg>
<arg>${SEARCH_TERM}</arg>
<doc>Types the given ``text`` into the text field identified by ``locator``.</doc>
<msg timestamp="20230720 20:07:28.283" level="INFO">Typing text 'nokia wikipedia' into text field 'name=q'.</msg>
<status status="PASS" starttime="20230720 20:07:28.283" endtime="20230720 20:07:29.865"/>
</kw>
<kw name="Press Keys" library="SeleniumLibrary">
<arg>name=q</arg>
<arg>${ENTER_KEY}</arg>
<doc>Simulates the user pressing key(s) to an element or on the active browser.</doc>
<msg timestamp="20230720 20:07:29.865" level="INFO">Sending key(s) ('\ue007',) to name=q element.</msg>
<msg timestamp="20230720 20:07:31.165" level="INFO">Sending key </msg>
<status status="PASS" starttime="20230720 20:07:29.865" endtime="20230720 20:07:31.687"/>
</kw>
<status status="PASS" starttime="20230720 20:07:28.282" endtime="20230720 20:07:31.687"/>
</kw>
<kw name="In Google Search Result Find Wikipedia">
<kw name="Wait Until Page Contains" library="SeleniumLibrary">
<arg>wikipedia.org</arg>
<doc>Waits until ``text`` appears on the current page.</doc>
<status status="PASS" starttime="20230720 20:07:31.687" endtime="20230720 20:07:32.198"/>
</kw>
<kw name="Click Link" library="SeleniumLibrary">
<arg>xpath://a[contains(@href, 'wikipedia.org')][1]</arg>
<doc>Clicks a link identified by ``locator``.</doc>
<msg timestamp="20230720 20:07:32.200" level="INFO">Clicking link 'xpath://a[contains(@href, 'wikipedia.org')][1]'.</msg>
<status status="PASS" starttime="20230720 20:07:32.198" endtime="20230720 20:07:42.961"/>
</kw>
<status status="PASS" starttime="20230720 20:07:31.687" endtime="20230720 20:07:42.961"/>
</kw>
<kw name="Wait For The Page To Fully Load">
<kw name="Wait For Condition" library="SeleniumLibrary">
<arg>return document.readyState == "complete"</arg>
<doc>Waits until ``condition`` is true or ``timeout`` expires.</doc>
<status status="PASS" starttime="20230720 20:07:42.964" endtime="20230720 20:07:43.491"/>
</kw>
<status status="PASS" starttime="20230720 20:07:42.963" endtime="20230720 20:07:43.491"/>
</kw>
<doc>opening nokia wiki</doc>
<status status="PASS" starttime="20230720 20:07:19.079" endtime="20230720 20:07:43.491"/>
</test>
<doc>Test for nokia wiki finding</doc>
<status status="PASS" starttime="20230720 20:07:18.902" endtime="20230720 20:07:43.492"/>
</suite>
<statistics>
<total>
<stat pass="1" fail="0" skip="0">All Tests</stat>
</total>
<tag>
</tag>
<suite>
<stat pass="1" fail="0" skip="0" id="s1" name="nokiaWiki">nokiaWiki</stat>
</suite>
</statistics>
<errors>
</errors>
</robot>
