<?xml version="1.0" encoding="UTF-8"?>
<robot generator="Robot 6.1 (Python 3.8.7 on win32)" generated="20230704 19:06:38.709" rpa="false" schemaversion="4">
<suite id="s1" name="NokiaTest" source="C:\Users\Lajop\PycharmProjects\NokiaTest">
<suite id="s1-s1" name="Tests" source="C:\Users\Lajop\PycharmProjects\NokiaTest\tests">
<suite id="s1-s1-s1" name="nokiaWiki" source="C:\Users\Lajop\PycharmProjects\NokiaTest\tests\nokiaWiki.robot">
<test id="s1-s1-s1-t1" name="Test Nokia Wiki" line="14">
<kw name="Open Browser And Go To Google">
<kw name="Create Webdriver" library="SeleniumLibrary">
<arg>${BROWSER}</arg>
<doc>Creates an instance of Selenium WebDriver.</doc>
<msg timestamp="20230704 19:06:38.895" level="INFO">Creating an instance of the Firefox WebDriver.</msg>
<status status="PASS" starttime="20230704 19:06:38.895" endtime="20230704 19:06:43.667"/>
</kw>
<kw name="Set Selenium Speed" library="SeleniumLibrary">
<arg>0.5</arg>
<doc>Sets the delay that is waited after each Selenium command.</doc>
<status status="PASS" starttime="20230704 19:06:43.667" endtime="20230704 19:06:43.667"/>
</kw>
<kw name="Maximize Browser Window" library="SeleniumLibrary">
<doc>Maximizes current browser window.</doc>
<status status="PASS" starttime="20230704 19:06:43.667" endtime="20230704 19:06:44.423"/>
</kw>
<kw name="Go To" library="SeleniumLibrary">
<arg>https://www.google.com/</arg>
<doc>Navigates the current browser window to the provided ``url``.</doc>
<msg timestamp="20230704 19:06:44.423" level="INFO">Opening url 'https://www.google.com/'</msg>
<status status="PASS" starttime="20230704 19:06:44.423" endtime="20230704 19:06:45.382"/>
</kw>
<status status="PASS" starttime="20230704 19:06:38.895" endtime="20230704 19:06:45.382"/>
</kw>
<kw name="Handle Google Cookies">
<kw name="Run Keyword And Return Status" library="BuiltIn">
<var>${cookie_window_present}</var>
<arg>Page Should Contain Element</arg>
<arg>id=W0wltc</arg>
<doc>Runs the given keyword with given arguments and returns the status as a Boolean value.</doc>
<kw name="Page Should Contain Element" library="SeleniumLibrary">
<arg>id=W0wltc</arg>
<doc>Verifies that element ``locator`` is found on the current page.</doc>
<msg timestamp="20230704 19:06:45.891" level="INFO">Current page contains element 'id=W0wltc'.</msg>
<status status="PASS" starttime="20230704 19:06:45.382" endtime="20230704 19:06:45.891"/>
</kw>
<msg timestamp="20230704 19:06:45.892" level="INFO">${cookie_window_present} = True</msg>
<status status="PASS" starttime="20230704 19:06:45.382" endtime="20230704 19:06:45.892"/>
</kw>
<kw name="Run Keyword If" library="BuiltIn">
<arg>${cookie_window_present}</arg>
<arg>Click Element</arg>
<arg>id=W0wltc</arg>
<doc>Runs the given keyword with the given arguments, if ``condition`` is true.</doc>
<kw name="Click Element" library="SeleniumLibrary">
<arg>id=W0wltc</arg>
<doc>Click the element identified by ``locator``.</doc>
<msg timestamp="20230704 19:06:45.895" level="INFO">Clicking element 'id=W0wltc'.</msg>
<status status="PASS" starttime="20230704 19:06:45.893" endtime="20230704 19:06:47.149"/>
</kw>
<status status="PASS" starttime="20230704 19:06:45.892" endtime="20230704 19:06:47.149"/>
</kw>
<status status="PASS" starttime="20230704 19:06:45.382" endtime="20230704 19:06:47.149"/>
</kw>
<kw name="Search For A Term In Google">
<kw name="Input Text" library="SeleniumLibrary">
<arg>name=q</arg>
<arg>${SEARCH_TERM}</arg>
<doc>Types the given ``text`` into the text field identified by ``locator``.</doc>
<msg timestamp="20230704 19:06:47.153" level="INFO">Typing text 'nokia wikipedia' into text field 'name=q'.</msg>
<status status="PASS" starttime="20230704 19:06:47.152" endtime="20230704 19:06:48.740"/>
</kw>
<kw name="Press Keys" library="SeleniumLibrary">
<arg>name=q</arg>
<arg>${ENTER_KEY}</arg>
<doc>Simulates the user pressing key(s) to an element or on the active browser.</doc>
<msg timestamp="20230704 19:06:48.742" level="INFO">Sending key(s) ('\ue007',) to name=q element.</msg>
<msg timestamp="20230704 19:06:50.066" level="INFO">Sending key </msg>
<status status="PASS" starttime="20230704 19:06:48.740" endtime="20230704 19:06:50.612"/>
</kw>
<status status="PASS" starttime="20230704 19:06:47.151" endtime="20230704 19:06:50.612"/>
</kw>
<kw name="In Google Search Result Find Wikipedia">
<kw name="Wait Until Page Contains" library="SeleniumLibrary">
<arg>wikipedia.org</arg>
<doc>Waits until ``text`` appears on the current page.</doc>
<status status="PASS" starttime="20230704 19:06:50.612" endtime="20230704 19:06:51.122"/>
</kw>
<kw name="Click Link" library="SeleniumLibrary">
<arg>xpath://a[contains(@href, 'wikipedia.org')][1]</arg>
<doc>Clicks a link identified by ``locator``.</doc>
<msg timestamp="20230704 19:06:51.123" level="INFO">Clicking link 'xpath://a[contains(@href, 'wikipedia.org')][1]'.</msg>
<status status="PASS" starttime="20230704 19:06:51.122" endtime="20230704 19:07:02.221"/>
</kw>
<status status="PASS" starttime="20230704 19:06:50.612" endtime="20230704 19:07:02.221"/>
</kw>
<kw name="Wait For The Page To Fully Load">
<kw name="Wait For Condition" library="SeleniumLibrary">
<arg>return document.readyState == "complete"</arg>
<doc>Waits until ``condition`` is true or ``timeout`` expires.</doc>
<status status="PASS" starttime="20230704 19:07:02.223" endtime="20230704 19:07:02.749"/>
</kw>
<status status="PASS" starttime="20230704 19:07:02.222" endtime="20230704 19:07:02.749"/>
</kw>
<doc>opening nokia wiki</doc>
<status status="PASS" starttime="20230704 19:06:38.894" endtime="20230704 19:07:02.750"/>
</test>
<doc>Test for nokia wiki finding</doc>
<status status="PASS" starttime="20230704 19:06:38.731" endtime="20230704 19:07:02.753"/>
</suite>
<status status="PASS" starttime="20230704 19:06:38.730" endtime="20230704 19:07:02.759"/>
</suite>
<status status="PASS" starttime="20230704 19:06:38.711" endtime="20230704 19:07:02.763"/>
</suite>
<statistics>
<total>
<stat pass="1" fail="0" skip="0">All Tests</stat>
</total>
<tag>
</tag>
<suite>
<stat pass="1" fail="0" skip="0" id="s1" name="NokiaTest">NokiaTest</stat>
<stat pass="1" fail="0" skip="0" id="s1-s1" name="Tests">NokiaTest.Tests</stat>
<stat pass="1" fail="0" skip="0" id="s1-s1-s1" name="nokiaWiki">NokiaTest.Tests.nokiaWiki</stat>
</suite>
</statistics>
<errors>
</errors>
</robot>
